Aug 23, 2023 1:45:51 PM runner.Base openBrowser
INFO: Browser Launched
Aug 23, 2023 1:45:54 PM runner.Base openBrowser
INFO: Browser Loaded the URL
Aug 23, 2023 1:45:57 PM runner.Testcase1 productSearch
INFO: Browser Navigated to the Register Page
Aug 23, 2023 1:46:03 PM runner.Testcase1 afterMethod
INFO: Browser closed
Aug 23, 2023 1:46:04 PM runner.Base openBrowser
INFO: Browser Launched
Aug 23, 2023 1:46:07 PM runner.Base openBrowser
INFO: Browser Loaded the URL
Aug 23, 2023 1:46:21 PM runner.Testcase1 afterMethod
INFO: Browser closed
Aug 23, 2023 1:46:22 PM runner.Base openBrowser
INFO: Browser Launched
Aug 23, 2023 1:46:26 PM runner.Base openBrowser
INFO: Browser Loaded the URL
Aug 23, 2023 1:46:39 PM runner.Testcase1 afterMethod
INFO: Browser closed
Aug 23, 2023 1:46:40 PM runner.Base openBrowser
INFO: Browser Launched
