Aug 23, 2023 1:43:00 PM runner.Base openBrowser
INFO: Browser Launched
Aug 23, 2023 1:43:04 PM runner.Base openBrowser
INFO: Browser Loaded the URL
Aug 23, 2023 1:43:07 PM runner.Testcase1 productSearch
INFO: Browser Navigated to the Register Page
Aug 23, 2023 1:43:13 PM runner.Testcase1 afterMethod
INFO: Browser closed
Aug 23, 2023 1:43:14 PM runner.Base openBrowser
INFO: Browser Launched
Aug 23, 2023 1:43:17 PM runner.Base openBrowser
INFO: Browser Loaded the URL
Aug 23, 2023 1:43:31 PM runner.Testcase1 afterMethod
INFO: Browser closed
Aug 23, 2023 1:43:32 PM runner.Base openBrowser
INFO: Browser Launched
Aug 23, 2023 1:43:35 PM runner.Base openBrowser
INFO: Browser Loaded the URL
Aug 23, 2023 1:43:48 PM runner.Testcase1 afterMethod
INFO: Browser closed
Aug 23, 2023 1:43:49 PM runner.Base openBrowser
INFO: Browser Launched
Aug 23, 2023 1:43:52 PM runner.Base openBrowser
INFO: Browser Loaded the URL
