Aug 23, 2023 1:49:31 PM runner.Base openBrowser
INFO: Browser Launched
Aug 23, 2023 1:49:33 PM runner.Base openBrowser
INFO: Browser Loaded the URL
Aug 23, 2023 1:49:34 PM runner.Testcase1 productSearch
INFO: Browser Navigated to the Register Page
Aug 23, 2023 1:49:38 PM runner.Testcase1 afterMethod
INFO: Browser closed
Aug 23, 2023 1:49:39 PM runner.Base openBrowser
INFO: Browser Launched
Aug 23, 2023 1:49:41 PM runner.Base openBrowser
INFO: Browser Loaded the URL
Aug 23, 2023 1:49:45 PM runner.Testcase1 afterMethod
INFO: Browser closed
Aug 23, 2023 1:49:46 PM runner.Base openBrowser
INFO: Browser Launched
Aug 23, 2023 1:49:47 PM runner.Base openBrowser
INFO: Browser Loaded the URL
Aug 23, 2023 1:49:52 PM runner.Testcase1 afterMethod
INFO: Browser closed
Aug 23, 2023 1:49:53 PM runner.Base openBrowser
INFO: Browser Launched
Aug 23, 2023 1:49:54 PM runner.Base openBrowser
INFO: Browser Loaded the URL
Aug 23, 2023 1:49:58 PM runner.Testcase1 afterMethod
INFO: Browser closed
Aug 23, 2023 1:49:59 PM runner.Base openBrowser
INFO: Browser Launched
Aug 23, 2023 1:50:01 PM runner.Base openBrowser
INFO: Browser Loaded the URL
Aug 23, 2023 1:50:08 PM runner.Testcase1 addToCartTest
INFO: cart button clicked
Aug 23, 2023 1:50:14 PM runner.Testcase1 afterMethod
INFO: Browser closed
